Entering directory '/home/dowon/patch-identifier/analyzer/infer'
        opam (internal)
[WARNING] Running as root is not recommended
File "src/aprval/program/instrNode.ml", line 56, characters 19-27:
56 |   let get_line t = Location.(get_loc t).line
                        ^^^^^^^^
Warning 33: unused open IBase.Location.
File "src/aprval/program/instrNode.ml", line 58, characters 21-29:
58 |   let get_source t = Location.(get_loc t).file
                          ^^^^^^^^
Warning 33: unused open IBase.Location.
File "src/aprval/program/instrNode.ml", line 56, characters 19-27:
56 |   let get_line t = Location.(get_loc t).line
                        ^^^^^^^^
Warning 33: unused open IBase.Location.
File "src/aprval/program/instrNode.ml", line 58, characters 21-29:
58 |   let get_source t = Location.(get_loc t).file
                          ^^^^^^^^
Warning 33: unused open IBase.Location.
File "src/aprval/program/ASTExp.ml", line 349, characters 8-19:
349 | let rec from_IR_exp = Converter.from_IR_exp
              ^^^^^^^^^^^
Warning 39: unused rec flag.
File "src/aprval/program/ASTExp.ml", line 351, characters 8-23:
351 | let rec from_IR_exp_opt = Converter.from_IR_exp_opt
              ^^^^^^^^^^^^^^^
Warning 39: unused rec flag.
File "src/aprval/program/ASTExp.ml", line 399, characters 8-28:
399 | let rec check_unpatched_node (pname, c1, c2) node1 node2 =
              ^^^^^^^^^^^^^^^^^^^^
Warning 39: unused rec flag.
File "src/aprval/program/ASTExp.ml", line 417, characters 8-24:
417 | let rec check_equiv_node (pname, c1, c2) node1 node2 =
              ^^^^^^^^^^^^^^^^
Warning 39: unused rec flag.
File "src/aprval/program/AccessExpr.ml", line 194, characters 16-21:
194 |   let is_return pdesc (base, accesses) =
                      ^^^^^
Warning 27: unused variable pdesc.
File "src/aprval/program/ASTExp.ml", line 349, characters 8-19:
349 | let rec from_IR_exp = Converter.from_IR_exp
              ^^^^^^^^^^^
Warning 39: unused rec flag.
File "src/aprval/program/ASTExp.ml", line 351, characters 8-23:
351 | let rec from_IR_exp_opt = Converter.from_IR_exp_opt
              ^^^^^^^^^^^^^^^
Warning 39: unused rec flag.
File "src/aprval/program/ASTExp.ml", line 399, characters 8-28:
399 | let rec check_unpatched_node (pname, c1, c2) node1 node2 =
              ^^^^^^^^^^^^^^^^^^^^
Warning 39: unused rec flag.
File "src/aprval/program/ASTExp.ml", line 417, characters 8-24:
417 | let rec check_equiv_node (pname, c1, c2) node1 node2 =
              ^^^^^^^^^^^^^^^^
Warning 39: unused rec flag.
File "src/aprval/program/patch.ml", line 326, characters 18-44:
326 |           let rec update_patch_infos_by_line line patch_info =
                        ^^^^^^^^^^^^^^^^^^^^^^^^^^
Warning 39: unused rec flag.
File "src/aprval/program/patch.ml", line 429, characters 25-32:
429 | let compute_patch_impact program patch_map nodes_affected =
                               ^^^^^^^
Warning 27: unused variable program.
File "src/aprval/program/patch.ml", line 429, characters 43-57:
429 | let compute_patch_impact program patch_map nodes_affected =
                                                 ^^^^^^^^^^^^^^
Warning 27: unused variable nodes_affected.
File "src/aprval/program/program.ml", line 717, characters 4-33:
717 | let is_nonnull_static_final_field field =
          ^^^^^^^^^^^^^^^^^^^^^^^^^^^^^
Warning 32: unused value is_nonnull_static_final_field.
File "src/aprval/program/program.ml", line 855, characters 13-16:
855 |       | Some typ ->
                   ^^^
Warning 27: unused variable typ.
File "src/aprval/basic_domain/Constraint.ml", line 274, characters 8-15:
274 |     let invalid = List.filter transitives ~f:PathCond.is_invalid in
              ^^^^^^^
Warning 26: unused variable invalid.
File "src/aprval/basic_domain/Constraint.ml", line 548, characters 8-20:
548 |     let is_important = Val.is_null in
              ^^^^^^^^^^^^
Warning 26: unused variable is_important.
File "src/aprval/program/patch.ml", line 326, characters 18-44:
326 |           let rec update_patch_infos_by_line line patch_info =
                        ^^^^^^^^^^^^^^^^^^^^^^^^^^
Warning 39: unused rec flag.
File "src/aprval/program/patch.ml", line 429, characters 25-32:
429 | let compute_patch_impact program patch_map nodes_affected =
                               ^^^^^^^
Warning 27: unused variable program.
File "src/aprval/program/patch.ml", line 429, characters 43-57:
429 | let compute_patch_impact program patch_map nodes_affected =
                                                 ^^^^^^^^^^^^^^
Warning 27: unused variable nodes_affected.
File "src/aprval/basic_domain/Constraint.ml", line 274, characters 8-15:
274 |     let invalid = List.filter transitives ~f:PathCond.is_invalid in
              ^^^^^^^
Warning 26: unused variable invalid.
File "src/aprval/basic_domain/Constraint.ml", line 548, characters 8-20:
548 |     let is_important = Val.is_null in
              ^^^^^^^^^^^^
Warning 26: unused variable is_important.
File "src/aprval/basic_domain/SymDom.ml", line 1139, characters 27-39:
1139 |   let weak_join ~lhs ~rhs ~current_proc =
                                  ^^^^^^^^^^^^
Warning 27: unused variable current_proc.
File "src/aprval/bottom_up/RuntimeCrash.ml", line 95, characters 27-29:
95 |     | Sil.Load {e= Lindex (e1, e2)}, Sil.Load {e= Lindex (e1', e2')}
                                ^^
Warning 27: unused variable e1.
File "src/aprval/bottom_up/RuntimeCrash.ml", line 95, characters 31-33:
95 |     | Sil.Load {e= Lindex (e1, e2)}, Sil.Load {e= Lindex (e1', e2')}
                                    ^^
Warning 27: unused variable e2.
File "src/aprval/bottom_up/RuntimeCrash.ml", line 95, characters 58-61:
95 |     | Sil.Load {e= Lindex (e1, e2)}, Sil.Load {e= Lindex (e1', e2')}
                                                               ^^^
Warning 27: unused variable e1'.
File "src/aprval/bottom_up/RuntimeCrash.ml", line 95, characters 63-66:
95 |     | Sil.Load {e= Lindex (e1, e2)}, Sil.Load {e= Lindex (e1', e2')}
                                                                    ^^^
Warning 27: unused variable e2'.
File "src/aprval/bottom_up/AccessAnalysis.ml", line 201, characters 6-16:
201 |   let is_defined ap_def t =
            ^^^^^^^^^^
Warning 32: unused value is_defined.
File "src/aprval/bottom_up/ValueAnalysis.ml", line 4, characters 0-18:
4 | module L = Logging
    ^^^^^^^^^^^^^^^^^^
Warning 60: unused module L.
File "src/aprval/bottom_up/ValueAnalysis.ml", line 25, characters 6-18:
25 |   let is_important = function Param | RValue | Branch -> true | _ -> false
           ^^^^^^^^^^^^
Warning 32: unused value is_important.
File "src/aprval/basic_domain/SymDom.ml", line 1139, characters 27-39:
1139 |   let weak_join ~lhs ~rhs ~current_proc =
                                  ^^^^^^^^^^^^
Warning 27: unused variable current_proc.
File "src/aprval/bottom_up/RuntimeCrash.ml", line 95, characters 27-29:
95 |     | Sil.Load {e= Lindex (e1, e2)}, Sil.Load {e= Lindex (e1', e2')}
                                ^^
Warning 27: unused variable e1.
File "src/aprval/bottom_up/RuntimeCrash.ml", line 95, characters 31-33:
95 |     | Sil.Load {e= Lindex (e1, e2)}, Sil.Load {e= Lindex (e1', e2')}
                                    ^^
Warning 27: unused variable e2.
File "src/aprval/bottom_up/RuntimeCrash.ml", line 95, characters 58-61:
95 |     | Sil.Load {e= Lindex (e1, e2)}, Sil.Load {e= Lindex (e1', e2')}
                                                               ^^^
Warning 27: unused variable e1'.
File "src/aprval/bottom_up/RuntimeCrash.ml", line 95, characters 63-66:
95 |     | Sil.Load {e= Lindex (e1, e2)}, Sil.Load {e= Lindex (e1', e2')}
                                                                    ^^^
Warning 27: unused variable e2'.
File "src/aprval/bottom_up/AccessAnalysis.ml", line 201, characters 6-16:
201 |   let is_defined ap_def t =
            ^^^^^^^^^^
Warning 32: unused value is_defined.
File "src/aprval/bottom_up/StateFormula.ml", line 4, characters 0-11:
4 | open SymDom
    ^^^^^^^^^^^
Warning 33: unused open BasicDom.SymDom.
File "src/aprval/bottom_up/StateFormula.ml", line 43, characters 8-22:
43 |       ; used_val_local } =
             ^^^^^^^^^^^^^^
Warning 27: unused variable used_val_local.
File "src/aprval/bottom_up/StateFormula.ml", line 42, characters 8-15:
42 |       ; derefed
             ^^^^^^^
Warning 27: unused variable derefed.
File "src/aprval/bottom_up/StateFormula.ml", line 41, characters 8-14:
41 |       ; ap_dep
             ^^^^^^
Warning 27: unused variable ap_dep.
File "src/aprval/bottom_up/SpecCheckerSummary.ml", line 3, characters 0-17:
3 | module F = Format
    ^^^^^^^^^^^^^^^^^
Warning 60: unused module F.
File "src/aprval/bottom_up/SpecCheckerSummary.ml", line 4, characters 0-18:
4 | module L = Logging
    ^^^^^^^^^^^^^^^^^^
Warning 60: unused module L.
File "src/aprval/bottom_up/SpecCheckerSummary.ml", line 13, characters 6-11:
13 |   let equal = [%compare.equal: t]
           ^^^^^
Warning 32: unused value equal.
File "src/aprval/bottom_up/SpecCheckerModels.ml", line 8, characters 0-23:
8 | module Node = InstrNode
    ^^^^^^^^^^^^^^^^^^^^^^^
Warning 60: unused module Node.
File "src/aprval/bottom_up/SpecCheckerModels.ml", line 382, characters 6-12:
382 |   let models = [init; isEmpty; iterator; next; hasNext; add; enumeration_of; emptyCollection]
            ^^^^^^
Warning 32: unused value models.
File "src/aprval/bottom_up/SpecCheckerModels.ml", line 541, characters 6-12:
541 |     | _ as v ->
            ^^^^^^
Warning 26: unused variable v.
File "src/aprval/bottom_up/SpecCheckerModels.ml", line 690, characters 44-51:
690 |     let exec astate _ instr_node _ (ret_id, ret_typ) arg_typs =
                                                  ^^^^^^^
Warning 27: unused variable ret_typ.
File "src/aprval/bottom_up/StateFormula.ml", line 4, characters 0-11:
4 | open SymDom
    ^^^^^^^^^^^
Warning 33: unused open BasicDom.SymDom.
File "src/aprval/bottom_up/StateFormula.ml", line 43, characters 8-22:
43 |       ; used_val_local } =
             ^^^^^^^^^^^^^^
Warning 27: unused variable used_val_local.
File "src/aprval/bottom_up/StateFormula.ml", line 42, characters 8-15:
42 |       ; derefed
             ^^^^^^^
Warning 27: unused variable derefed.
File "src/aprval/bottom_up/StateFormula.ml", line 41, characters 8-14:
41 |       ; ap_dep
             ^^^^^^
Warning 27: unused variable ap_dep.
File "src/aprval/bottom_up/SpecCheckerFeatures.ml", line 4, characters 0-18:
4 | module L = Logging
    ^^^^^^^^^^^^^^^^^^
Warning 60: unused module L.
File "src/aprval/bottom_up/SpecCheckerFeatures.ml", line 6, characters 0-34:
6 | module APUse = ValueAnalysis.APUse
    ^^^^^^^^^^^^^^^^^^^^^^^^^^^^^^^^^^
Warning 60: unused module APUse.
File "src/aprval/bottom_up/SpecCheckerFeatures.ml", line 8, characters 0-38:
8 | module UseCase = ValueAnalysis.UseCase
    ^^^^^^^^^^^^^^^^^^^^^^^^^^^^^^^^^^^^^^
Warning 60: unused module UseCase.
File "src/aprval/bottom_up/SpecCheckerFeatures.ml", line 9, characters 0-47:
9 | module AccessState = AccessAnalysis.AccessState
    ^^^^^^^^^^^^^^^^^^^^^^^^^^^^^^^^^^^^^^^^^^^^^^^
Warning 60: unused module AccessState.
File "src/aprval/bottom_up/SpecCheckerDomain.ml", line 53, characters 6-22:
53 |     ; value_dependency
           ^^^^^^^^^^^^^^^^
Warning 27: unused variable value_dependency.
File "src/aprval/bottom_up/SpecCheckerDomain.ml", line 78, characters 4-11:
78 | let pp_full fmt
         ^^^^^^^
Warning 32: unused value pp_full.
File "src/aprval/bottom_up/SpecCheckerDomain.ml", line 243, characters 4-15:
243 | let all_symbols astate =
          ^^^^^^^^^^^
Warning 32: unused value all_symbols.
File "src/aprval/bottom_up/SpecCheckerDomain.ml", line 395, characters 6-20:
395 |   let replace_extern astate pc_set =
            ^^^^^^^^^^^^^^
Warning 26: unused variable replace_extern.
File "src/aprval/bottom_up/SpecCheckerDomain.ml", line 978, characters 4-31:
978 | let compute_reachable_vals_from astate base_vals =
          ^^^^^^^^^^^^^^^^^^^^^^^^^^^
Warning 32: unused value compute_reachable_vals_from.
File "src/aprval/bottom_up/SpecCheckerDomain.ml", line 1025, characters 6-31:
1025 |   let is_dependant_to_reachable v =
             ^^^^^^^^^^^^^^^^^^^^^^^^^
Warning 26: unused variable is_dependant_to_reachable.
File "src/aprval/bottom_up/SpecCheckerDomain.ml", line 1248, characters 8-13:
1248 |     let equal = Val.equal in
               ^^^^^
Warning 26: unused variable equal.
File "src/aprval/bottom_up/SpecCheckerDomain.ml", line 1323, characters 4-23:
1323 | let get_non_null_values astate =
           ^^^^^^^^^^^^^^^^^^^
Warning 32: unused value get_non_null_values.
File "src/aprval/bottom_up/SpecCheckerDomain.ml", line 1350, characters 4-26:
1350 | let collect_summary_locals astate =
           ^^^^^^^^^^^^^^^^^^^^^^
Warning 32: unused value collect_summary_locals.
File "src/aprval/bottom_up/SpecChecker.ml", line 423, characters 19-21:
423 |             astate.pc.const_map
                         ^^
Warning 18: this type-based field disambiguation is not principal.
File "src/aprval/bottom_up/SpecChecker.ml", line 181, characters 44-50:
181 |   let exec_setter astate instr_node callee (ret_id, ret_typ) base_exp arg_values =
                                                  ^^^^^^
Warning 27: unused variable ret_id.
File "src/aprval/bottom_up/SpecChecker.ml", line 181, characters 52-59:
181 |   let exec_setter astate instr_node callee (ret_id, ret_typ) base_exp arg_values =
                                                          ^^^^^^^
Warning 27: unused variable ret_typ.
File "src/aprval/bottom_up/SpecChecker.ml", line 196, characters 8-26:
196 |     let locs_point_to_base =
              ^^^^^^^^^^^^^^^^^^
Warning 26: unused variable locs_point_to_base.
File "src/aprval/bottom_up/SpecChecker.ml", line 325, characters 27-35:
325 |   let check_is_npe astate {spec_org} instr_node =
                                 ^^^^^^^^
Warning 27: unused variable spec_org.
File "src/aprval/bottom_up/SpecChecker.ml", line 517, characters 25-33:
517 |   let exec_store astate (location : Location.t) node instr e1 e2 =
                               ^^^^^^^^
Warning 27: unused variable location.
File "src/aprval/bottom_up/SpecChecker.ml", line 539, characters 56-64:
539 |       ({interproc= InterproceduralAnalysis.{proc_desc}; spec_org; patch} as analysis_data) node
                                                              ^^^^^^^^
Warning 27: unused variable spec_org.
File "src/aprval/PatchValidator.ml", line 12, characters 9-26:
12 | let run ~get_buggy_summary ~get_patch_summary =
              ^^^^^^^^^^^^^^^^^
Warning 27: unused variable get_buggy_summary.
File "src/aprval/PatchValidator.ml", line 12, characters 9-26:
12 | let run ~get_buggy_summary ~get_patch_summary =
              ^^^^^^^^^^^^^^^^^
Warning 27: unused variable get_buggy_summary.
File "src/aprval/bottom_up/SpecChecker.ml", line 423, characters 19-21:
423 |             astate.pc.const_map
                         ^^
Warning 18: this type-based field disambiguation is not principal.
File "src/aprval/bottom_up/SpecChecker.ml", line 181, characters 44-50:
181 |   let exec_setter astate instr_node callee (ret_id, ret_typ) base_exp arg_values =
                                                  ^^^^^^
Warning 27: unused variable ret_id.
File "src/aprval/bottom_up/SpecChecker.ml", line 181, characters 52-59:
181 |   let exec_setter astate instr_node callee (ret_id, ret_typ) base_exp arg_values =
                                                          ^^^^^^^
Warning 27: unused variable ret_typ.
File "src/aprval/bottom_up/SpecChecker.ml", line 196, characters 8-26:
196 |     let locs_point_to_base =
              ^^^^^^^^^^^^^^^^^^
Warning 26: unused variable locs_point_to_base.
File "src/aprval/bottom_up/SpecChecker.ml", line 325, characters 27-35:
325 |   let check_is_npe astate {spec_org} instr_node =
                                 ^^^^^^^^
Warning 27: unused variable spec_org.
File "src/aprval/bottom_up/SpecChecker.ml", line 517, characters 25-33:
517 |   let exec_store astate (location : Location.t) node instr e1 e2 =
                               ^^^^^^^^
Warning 27: unused variable location.
File "src/aprval/bottom_up/SpecChecker.ml", line 539, characters 56-64:
539 |       ({interproc= InterproceduralAnalysis.{proc_desc}; spec_org; patch} as analysis_data) node
                                                              ^^^^^^^^
Warning 27: unused variable spec_org.
