This file contains any messages produced by compilers while
running configure, to aid debugging if configure makes a mistake.

It was created by Infer configure 1.1.0, which was
generated by GNU Autoconf 2.71.  Invocation command line was

  $ ./configure --disable-c-analyzers

## --------- ##
## Platform. ##
## --------- ##

hostname = thanos
uname -m = x86_64
uname -r = 6.8.0-51-generic
uname -s = Linux
uname -v = #52-Ubuntu SMP PREEMPT_DYNAMIC Thu Dec  5 13:09:44 UTC 2024

/usr/bin/uname -p = x86_64
/bin/uname -X     = unknown

/bin/arch              = x86_64
/usr/bin/arch -k       = unknown
/usr/convex/getsysinfo = unknown
/usr/bin/hostinfo      = unknown
/bin/machine           = unknown
/usr/bin/oslevel       = unknown
/bin/universe          = unknown

PATH: /home/dowon/.opam/ocaml-variants.4.11.1+flambda/bin/
PATH: /home/dowon/.jenv/shims/
PATH: /home/dowon/.jenv/bin/
PATH: /home/dowon/.jenv/shims/
PATH: /home/dowon/.jenv/bin/
PATH: /usr/local/sbin/
PATH: /usr/local/bin/
PATH: /usr/sbin/
PATH: /usr/bin/
PATH: /sbin/
PATH: /bin/
PATH: /usr/games/
PATH: /usr/local/games/
PATH: /snap/bin/
PATH: /home/dowon/d4j/d4j-2.0/framework/bin/
PATH: /home/dowon/d4j/d4j-2.0/framework/bin/


## ----------- ##
## Core tests. ##
## ----------- ##

configure:2608: looking for aux files: install-sh
configure:2621:  trying ./
configure:2632:   ./install-sh found
configure:2774: checking for .release
configure:2788: result: no
configure:2801: checking for .facebook
configure:2815: result: no
configure:2848: checking for build platform
configure:2873: result: Linux
configure:2877: checking for Windows build
configure:2883: result: no
configure:3221: checking for xcode-select
configure:3256: result: no
configure:3363: checking for xcrun
configure:3398: result: no
configure:3500: checking for clang
configure:3535: result: no
configure:3500: checking for gcc
configure:3521: found /usr/bin/gcc
configure:3532: result: gcc
configure:3563: checking for C compiler version
configure:3572: gcc --version >&5
gcc (Ubuntu 13.3.0-6ubuntu2~24.04) 13.3.0
Copyright (C) 2023 Free Software Foundation, Inc.
This is free software; see the source for copying conditions.  There is NO
warranty; not even for MERCHANTABILITY or FITNESS FOR A PARTICULAR PURPOSE.

configure:3583: $? = 0
configure:3572: gcc -v >&5
Using built-in specs.
COLLECT_GCC=gcc
COLLECT_LTO_WRAPPER=/usr/libexec/gcc/x86_64-linux-gnu/13/lto-wrapper
OFFLOAD_TARGET_NAMES=nvptx-none:amdgcn-amdhsa
OFFLOAD_TARGET_DEFAULT=1
Target: x86_64-linux-gnu
Configured with: ../src/configure -v --with-pkgversion='Ubuntu 13.3.0-6ubuntu2~24.04' --with-bugurl=file:///usr/share/doc/gcc-13/README.Bugs --enable-languages=c,ada,c++,go,d,fortran,objc,obj-c++,m2 --prefix=/usr --with-gcc-major-version-only --program-suffix=-13 --program-prefix=x86_64-linux-gnu- --enable-shared --enable-linker-build-id --libexecdir=/usr/libexec --without-included-gettext --enable-threads=posix --libdir=/usr/lib --enable-nls --enable-bootstrap --enable-clocale=gnu --enable-libstdcxx-debug --enable-libstdcxx-time=yes --with-default-libstdcxx-abi=new --enable-libstdcxx-backtrace --enable-gnu-unique-object --disable-vtable-verify --enable-plugin --enable-default-pie --with-system-zlib --enable-libphobos-checking=release --with-target-system-zlib=auto --enable-objc-gc=auto --enable-multiarch --disable-werror --enable-cet --with-arch-32=i686 --with-abi=m64 --with-multilib-list=m32,m64,mx32 --enable-multilib --with-tune=generic --enable-offload-targets=nvptx-none=/build/gcc-13-fG75Ri/gcc-13-13.3.0/debian/tmp-nvptx/usr,amdgcn-amdhsa=/build/gcc-13-fG75Ri/gcc-13-13.3.0/debian/tmp-gcn/usr --enable-offload-defaulted --without-cuda-driver --enable-checking=release --build=x86_64-linux-gnu --host=x86_64-linux-gnu --target=x86_64-linux-gnu --with-build-config=bootstrap-lto-lean --enable-link-serialization=2
Thread model: posix
Supported LTO compression algorithms: zlib zstd
gcc version 13.3.0 (Ubuntu 13.3.0-6ubuntu2~24.04) 
... rest of stderr output deleted ...
configure:3583: $? = 0
configure:3572: gcc -V >&5
gcc: error: unrecognized command-line option '-V'
gcc: fatal error: no input files
compilation terminated.
configure:3583: $? = 1
configure:3572: gcc -qversion >&5
gcc: error: unrecognized command-line option '-qversion'; did you mean '--version'?
gcc: fatal error: no input files
compilation terminated.
configure:3583: $? = 1
configure:3572: gcc -version >&5
gcc: error: unrecognized command-line option '-version'
gcc: fatal error: no input files
compilation terminated.
configure:3583: $? = 1
configure:3603: checking whether the C compiler works
configure:3625: gcc    conftest.c  >&5
configure:3629: $? = 0
configure:3679: result: yes
configure:3682: checking for C compiler default output file name
configure:3684: result: a.out
configure:3690: checking for suffix of executables
configure:3697: gcc -o conftest    conftest.c  >&5
configure:3701: $? = 0
configure:3724: result: 
configure:3746: checking whether we are cross compiling
configure:3754: gcc -o conftest    conftest.c  >&5
configure:3758: $? = 0
configure:3765: ./conftest
configure:3769: $? = 0
configure:3784: result: no
configure:3789: checking for suffix of object files
configure:3812: gcc -c   conftest.c >&5
configure:3816: $? = 0
configure:3838: result: o
configure:3842: checking whether the compiler supports GNU C
configure:3862: gcc -c   conftest.c >&5
configure:3862: $? = 0
configure:3872: result: yes
configure:3883: checking whether gcc accepts -g
configure:3904: gcc -c -g  conftest.c >&5
configure:3904: $? = 0
configure:3948: result: yes
configure:3968: checking for gcc option to enable C11 features
configure:3983: gcc  -c -g -O2  conftest.c >&5
configure:3983: $? = 0
configure:4001: result: none needed
configure:4115: checking for gawk
configure:4136: found /usr/bin/gawk
configure:4147: result: gawk
configure:4174: checking for a BSD-compatible install
configure:4247: result: /usr/bin/install -c
configure:4258: checking whether ln -s works
configure:4262: result: yes
configure:4269: checking whether make sets $(MAKE)
configure:4292: result: yes
configure:4302: checking for a race-free mkdir -p
configure:4346: result: /usr/bin/mkdir -p
configure:5096: checking for ocamlc
configure:5119: found /home/dowon/.opam/ocaml-variants.4.11.1+flambda/bin/ocamlc
configure:5131: result: /home/dowon/.opam/ocaml-variants.4.11.1+flambda/bin/ocamlc
configure:5156: result: OCaml version is 4.11.1
configure:5165: result: OCaml library path is /home/dowon/.opam/ocaml-variants.4.11.1+flambda/lib/ocaml
configure:5223: checking for ocamlopt
configure:5246: found /home/dowon/.opam/ocaml-variants.4.11.1+flambda/bin/ocamlopt
configure:5258: result: /home/dowon/.opam/ocaml-variants.4.11.1+flambda/bin/ocamlopt
configure:5349: checking for ocamlc.opt
configure:5372: found /home/dowon/.opam/ocaml-variants.4.11.1+flambda/bin/ocamlc.opt
configure:5384: result: /home/dowon/.opam/ocaml-variants.4.11.1+flambda/bin/ocamlc.opt
configure:5469: checking for ocamlopt.opt
configure:5492: found /home/dowon/.opam/ocaml-variants.4.11.1+flambda/bin/ocamlopt.opt
configure:5504: result: /home/dowon/.opam/ocaml-variants.4.11.1+flambda/bin/ocamlopt.opt
configure:5543: checking for dynlink.cmxa
configure:5547: result: yes
configure:5609: checking for ocaml
configure:5632: found /home/dowon/.opam/ocaml-variants.4.11.1+flambda/bin/ocaml
configure:5644: result: /home/dowon/.opam/ocaml-variants.4.11.1+flambda/bin/ocaml
configure:5719: checking for ocamldep
configure:5742: found /home/dowon/.opam/ocaml-variants.4.11.1+flambda/bin/ocamldep
configure:5754: result: /home/dowon/.opam/ocaml-variants.4.11.1+flambda/bin/ocamldep
configure:5829: checking for ocamlmktop
configure:5852: found /home/dowon/.opam/ocaml-variants.4.11.1+flambda/bin/ocamlmktop
configure:5864: result: /home/dowon/.opam/ocaml-variants.4.11.1+flambda/bin/ocamlmktop
configure:5939: checking for ocamlmklib
configure:5962: found /home/dowon/.opam/ocaml-variants.4.11.1+flambda/bin/ocamlmklib
configure:5974: result: /home/dowon/.opam/ocaml-variants.4.11.1+flambda/bin/ocamlmklib
configure:6049: checking for ocamldoc
configure:6072: found /home/dowon/.opam/ocaml-variants.4.11.1+flambda/bin/ocamldoc
configure:6084: result: /home/dowon/.opam/ocaml-variants.4.11.1+flambda/bin/ocamldoc
configure:6159: checking for ocamlbuild
configure:6182: found /home/dowon/.opam/ocaml-variants.4.11.1+flambda/bin/ocamlbuild
configure:6194: result: /home/dowon/.opam/ocaml-variants.4.11.1+flambda/bin/ocamlbuild
configure:6226: checking if OCaml version is >= 4.06.1
configure:6250: result: yes
configure:6317: checking for ocamlbuild
configure:6349: result: /home/dowon/.opam/ocaml-variants.4.11.1+flambda/bin/ocamlbuild
configure:6430: checking for ocamlfind
configure:6453: found /home/dowon/.opam/ocaml-variants.4.11.1+flambda/bin/ocamlfind
configure:6465: result: /home/dowon/.opam/ocaml-variants.4.11.1+flambda/bin/ocamlfind
configure:6541: checking for ocamllex
configure:6564: found /home/dowon/.opam/ocaml-variants.4.11.1+flambda/bin/ocamllex
configure:6576: result: /home/dowon/.opam/ocaml-variants.4.11.1+flambda/bin/ocamllex
configure:6650: checking for ocamllex.opt
configure:6673: found /home/dowon/.opam/ocaml-variants.4.11.1+flambda/bin/ocamllex.opt
configure:6685: result: /home/dowon/.opam/ocaml-variants.4.11.1+flambda/bin/ocamllex.opt
configure:6767: checking for menhir
configure:6788: found /home/dowon/.opam/ocaml-variants.4.11.1+flambda/bin/menhir
configure:6799: result: menhir
configure:6853: checking for OCaml findlib package atdgen
configure:6893: result: /home/dowon/.opam/ocaml-variants.4.11.1+flambda/lib/atdgen
configure:6971: checking for OCaml findlib package biniou
configure:7011: result: /home/dowon/.opam/ocaml-variants.4.11.1+flambda/lib/biniou
configure:7089: checking for OCaml findlib package camlzip
configure:7129: result: /home/dowon/.opam/ocaml-variants.4.11.1+flambda/lib/camlzip
configure:7207: checking for OCaml findlib package easy-format
configure:7247: result: /home/dowon/.opam/ocaml-variants.4.11.1+flambda/lib/easy-format
configure:7325: checking for OCaml findlib package oUnit
configure:7365: result: /home/dowon/.opam/ocaml-variants.4.11.1+flambda/lib/oUnit
configure:7465: checking for utop
configure:7486: found /home/dowon/.opam/ocaml-variants.4.11.1+flambda/bin/utop
configure:7497: result: utop
configure:7545: checking for OCaml findlib package yojson
configure:7585: result: /home/dowon/.opam/ocaml-variants.4.11.1+flambda/lib/yojson
configure:7638: checking which ocamlformat to use
configure:7646: result: ocamlformat
configure:7704: checking for opam
configure:7725: found /usr/bin/opam
configure:7736: result: opam
configure:7761: checking opam version
configure:7765: result: 2.1.5
configure:7769: checking current opam root
configure:7772: result: /home/dowon/.opam
configure:7774: checking current opam switch
configure:7777: result: ocaml-variants.4.11.1+flambda
configure:7838: checking for java
configure:7859: found /home/dowon/.jenv/shims/java
configure:7870: result: java
configure:7940: checking for javac
configure:7961: found /home/dowon/.jenv/shims/javac
configure:7972: result: javac
configure:8032: checking for OCaml findlib package javalib
configure:8072: result: /home/dowon/.opam/ocaml-variants.4.11.1+flambda/lib/javalib
configure:8150: checking for OCaml findlib package sawja
configure:8190: result: /home/dowon/.opam/ocaml-variants.4.11.1+flambda/lib/sawja
configure:8243: checking for Java major version
configure:8258: result: 8
configure:8262: checking for JAVA_HOME
configure:8290: result: /usr/lib/jvm/java-8-openjdk-amd64/jre/..
configure:8294: checking for inflateEnd in -lz
configure:8317: gcc -o conftest -g -O2   conftest.c -lz   >&5
configure:8317: $? = 0
configure:8327: result: yes
configure:8391: checking for atdgen
configure:8412: found /home/dowon/.opam/ocaml-variants.4.11.1+flambda/bin/atdgen
configure:8423: result: atdgen
configure:8523: checking for getconf
configure:8544: found /usr/bin/getconf
configure:8555: result: getconf
configure:8577: checking the number of cpus the build host has
configure:8582: result: 128
configure:8642: checking for ant
configure:8677: result: no
configure:8744: checking for buck
configure:8779: result: no
configure:8846: checking for emacs
configure:8881: result: no
configure:8952: checking for mvn
configure:8973: found /usr/bin/mvn
configure:8984: result: mvn
configure:9061: checking for ndk-build
configure:9096: result: no
configure:9120: checking for ndk-build
configure:9156: result: no
configure:9214: checking for ninja
configure:9249: result: no
configure:9317: checking for xcpretty
configure:9352: result: no
configure:9420: checking for sed
configure:9441: found /usr/bin/sed
configure:9452: result: sed
configure:9477: checking if sed is GNU sed
configure:9483: result: yes
configure:9646: checking for brew
configure:9681: result: no
configure:9749: checking for install_name_tool
configure:9784: result: no
configure:9852: checking for ldd
configure:9873: found /usr/bin/ldd
configure:9884: result: ldd
configure:9955: checking for otool
configure:9990: result: no
configure:10058: checking for patchelf
configure:10093: result: no
configure:10263: creating ./config.status

## ---------------------- ##
## Running config.status. ##
## ---------------------- ##

This file was extended by Infer config.status 1.1.0, which was
generated by GNU Autoconf 2.71.  Invocation command line was

  CONFIG_FILES    = 
  CONFIG_HEADERS  = 
  CONFIG_LINKS    = 
  CONFIG_COMMANDS = 
  $ ./config.status 

on thanos

config.status:815: creating Makefile.autoconf

## ---------------- ##
## Cache variables. ##
## ---------------- ##

ac_cv_c_compiler_gnu=yes
ac_cv_env_CAML_LD_LIBRARY_PATH_set=set
ac_cv_env_CAML_LD_LIBRARY_PATH_value=/home/dowon/.opam/ocaml-variants.4.11.1+flambda/lib/stublibs:/home/dowon/.opam/ocaml-variants.4.11.1+flambda/lib/ocaml/stublibs:/home/dowon/.opam/ocaml-variants.4.11.1+flambda/lib/ocaml
ac_cv_env_CCC_set=
ac_cv_env_CCC_value=
ac_cv_env_CC_set=
ac_cv_env_CC_value=
ac_cv_env_CFLAGS_set=
ac_cv_env_CFLAGS_value=
ac_cv_env_CLANG_INCLUDES_set=
ac_cv_env_CLANG_INCLUDES_value=
ac_cv_env_CLANG_PREFIX_set=
ac_cv_env_CLANG_PREFIX_value=
ac_cv_env_CPATH_set=
ac_cv_env_CPATH_value=
ac_cv_env_CPPFLAGS_set=
ac_cv_env_CPPFLAGS_value=
ac_cv_env_CPP_set=
ac_cv_env_CPP_value=
ac_cv_env_CXXFLAGS_set=
ac_cv_env_CXXFLAGS_value=
ac_cv_env_CXX_set=
ac_cv_env_CXX_value=
ac_cv_env_LDFLAGS_set=
ac_cv_env_LDFLAGS_value=
ac_cv_env_LIBRARY_PATH_set=
ac_cv_env_LIBRARY_PATH_value=
ac_cv_env_LIBS_set=
ac_cv_env_LIBS_value=
ac_cv_env_MVN_set=
ac_cv_env_MVN_value=
ac_cv_env_OPAMROOT_set=
ac_cv_env_OPAMROOT_value=
ac_cv_env_OPAMSWITCH_set=
ac_cv_env_OPAMSWITCH_value=
ac_cv_env_PATH_set=set
ac_cv_env_PATH_value=/home/dowon/.opam/ocaml-variants.4.11.1+flambda/bin:/home/dowon/.jenv/shims:/home/dowon/.jenv/bin:/home/dowon/.jenv/shims:/home/dowon/.jenv/bin:/usr/local/sbin:/usr/local/bin:/usr/sbin:/usr/bin:/sbin:/bin:/usr/games:/usr/local/games:/snap/bin:/home/dowon/d4j/d4j-2.0/framework/bin:/home/dowon/d4j/d4j-2.0/framework/bin
ac_cv_env_SDKROOT_set=
ac_cv_env_SDKROOT_value=
ac_cv_env_XCODE_BASE_set=
ac_cv_env_XCODE_BASE_value=
ac_cv_env_build_alias_set=
ac_cv_env_build_alias_value=
ac_cv_env_host_alias_set=
ac_cv_env_host_alias_value=
ac_cv_env_target_alias_set=
ac_cv_env_target_alias_value=
ac_cv_file__facebook=no
ac_cv_file__release=no
ac_cv_lib_z_inflateEnd=yes
ac_cv_objext=o
ac_cv_path_NDKBUILD=no
ac_cv_path_ac_pt_OCAML=/home/dowon/.opam/ocaml-variants.4.11.1+flambda/bin/ocaml
ac_cv_path_ac_pt_OCAMLBUILD=/home/dowon/.opam/ocaml-variants.4.11.1+flambda/bin/ocamlbuild
ac_cv_path_ac_pt_OCAMLC=/home/dowon/.opam/ocaml-variants.4.11.1+flambda/bin/ocamlc
ac_cv_path_ac_pt_OCAMLCDOTOPT=/home/dowon/.opam/ocaml-variants.4.11.1+flambda/bin/ocamlc.opt
ac_cv_path_ac_pt_OCAMLDEP=/home/dowon/.opam/ocaml-variants.4.11.1+flambda/bin/ocamldep
ac_cv_path_ac_pt_OCAMLDOC=/home/dowon/.opam/ocaml-variants.4.11.1+flambda/bin/ocamldoc
ac_cv_path_ac_pt_OCAMLFIND=/home/dowon/.opam/ocaml-variants.4.11.1+flambda/bin/ocamlfind
ac_cv_path_ac_pt_OCAMLLEX=/home/dowon/.opam/ocaml-variants.4.11.1+flambda/bin/ocamllex
ac_cv_path_ac_pt_OCAMLLEXDOTOPT=/home/dowon/.opam/ocaml-variants.4.11.1+flambda/bin/ocamllex.opt
ac_cv_path_ac_pt_OCAMLMKLIB=/home/dowon/.opam/ocaml-variants.4.11.1+flambda/bin/ocamlmklib
ac_cv_path_ac_pt_OCAMLMKTOP=/home/dowon/.opam/ocaml-variants.4.11.1+flambda/bin/ocamlmktop
ac_cv_path_ac_pt_OCAMLOPT=/home/dowon/.opam/ocaml-variants.4.11.1+flambda/bin/ocamlopt
ac_cv_path_ac_pt_OCAMLOPTDOTOPT=/home/dowon/.opam/ocaml-variants.4.11.1+flambda/bin/ocamlopt.opt
ac_cv_path_install='/usr/bin/install -c'
ac_cv_path_mkdir=/usr/bin/mkdir
ac_cv_prog_AWK=gawk
ac_cv_prog_ac_ct_ATDGEN=atdgen
ac_cv_prog_ac_ct_CC=gcc
ac_cv_prog_ac_ct_GETCONF=getconf
ac_cv_prog_ac_ct_JAVA=java
ac_cv_prog_ac_ct_JAVAC=javac
ac_cv_prog_ac_ct_LDD=ldd
ac_cv_prog_ac_ct_MENHIR=menhir
ac_cv_prog_ac_ct_MVN=mvn
ac_cv_prog_ac_ct_OCAMLBUILD=/home/dowon/.opam/ocaml-variants.4.11.1+flambda/bin/ocamlbuild
ac_cv_prog_ac_ct_OPAM=opam
ac_cv_prog_ac_ct_SED=sed
ac_cv_prog_ac_ct_UTOP=utop
ac_cv_prog_cc_c11=
ac_cv_prog_cc_g=yes
ac_cv_prog_cc_stdc=
ac_cv_prog_make_make_set=yes

## ----------------- ##
## Output variables. ##
## ----------------- ##

ANT='no'
ATDGEN='atdgen'
AWK='gawk'
BREW='no'
BUCK='no'
BUILD_C_ANALYZERS='no'
BUILD_JAVA_ANALYZERS='yes'
BUILD_PLATFORM='Linux'
CAML_LD_LIBRARY_PATH='/home/dowon/.opam/ocaml-variants.4.11.1+flambda/lib/stublibs:/home/dowon/.opam/ocaml-variants.4.11.1+flambda/lib/ocaml/stublibs:/home/dowon/.opam/ocaml-variants.4.11.1+flambda/lib/ocaml'
CC='gcc'
CFLAGS='-g -O2'
CLANG_INCLUDES='/home/dowon/patch-identifier/analyzer/facebook-clang-plugins/clang/install/include'
CLANG_PREFIX='/home/dowon/patch-identifier/analyzer/facebook-clang-plugins/clang/install'
CMAKE=''
CPATH=''
CPP=''
CPPFLAGS=''
CXX=''
CXXFLAGS=''
DEFS='-DPACKAGE_NAME=\"Infer\" -DPACKAGE_TARNAME=\"infer\" -DPACKAGE_VERSION=\"1.1.0\" -DPACKAGE_STRING=\"Infer\ 1.1.0\" -DPACKAGE_BUGREPORT=\"https://github.com/facebook/infer/issues/\" -DPACKAGE_URL=\"\"'
ECHO_C=''
ECHO_N='-n'
ECHO_T=''
EMACS='no'
ENABLE_OCAMLOPT_CUSTOM_CC=''
ENABLE_OCAML_BINANNOT='yes'
EXEEXT=''
GETCONF='getconf'
GNU_SED='sed'
HAS_OBJC='no'
INFER_MAJOR='1'
INFER_MAN_LAST_MODIFIED='2025-01-24'
INFER_MINOR='1'
INFER_PATCH='0'
INSTALL_DATA='${INSTALL} -m 644'
INSTALL_NAME_TOOL='no'
INSTALL_PROGRAM='${INSTALL}'
INSTALL_SCRIPT='${INSTALL}'
IS_FACEBOOK_TREE='no'
IS_RELEASE_TREE='no'
JAVA='java'
JAVAC='javac'
JAVA_MAJOR_VERSION='8'
LDD='ldd'
LDFLAGS=''
LIBOBJS=''
LIBRARY_PATH=''
LIBS=''
LN_S='ln -s'
LTLIBOBJS=''
MENHIR='menhir'
MKDIR_P='/usr/bin/mkdir -p'
MVN='mvn'
NCPU='128'
NDKBUILD='no'
NINJA='no'
OBJEXT='o'
OCAML='/home/dowon/.opam/ocaml-variants.4.11.1+flambda/bin/ocaml'
OCAMLBEST='opt'
OCAMLBUILD='/home/dowon/.opam/ocaml-variants.4.11.1+flambda/bin/ocamlbuild'
OCAMLC='/home/dowon/.opam/ocaml-variants.4.11.1+flambda/bin/ocamlc.opt'
OCAMLCDOTOPT='/home/dowon/.opam/ocaml-variants.4.11.1+flambda/bin/ocamlc.opt'
OCAMLDEP='/home/dowon/.opam/ocaml-variants.4.11.1+flambda/bin/ocamldep'
OCAMLDOC='/home/dowon/.opam/ocaml-variants.4.11.1+flambda/bin/ocamldoc'
OCAMLFIND='/home/dowon/.opam/ocaml-variants.4.11.1+flambda/bin/ocamlfind'
OCAMLFORMAT='ocamlformat'
OCAMLLEX='/home/dowon/.opam/ocaml-variants.4.11.1+flambda/bin/ocamllex.opt'
OCAMLLEXDOTOPT='/home/dowon/.opam/ocaml-variants.4.11.1+flambda/bin/ocamllex.opt'
OCAMLLIB='/home/dowon/.opam/ocaml-variants.4.11.1+flambda/lib/ocaml'
OCAMLMKLIB='/home/dowon/.opam/ocaml-variants.4.11.1+flambda/bin/ocamlmklib'
OCAMLMKTOP='/home/dowon/.opam/ocaml-variants.4.11.1+flambda/bin/ocamlmktop'
OCAMLNATDYNLINK='yes'
OCAMLOPT='/home/dowon/.opam/ocaml-variants.4.11.1+flambda/bin/ocamlopt.opt'
OCAMLOPTDOTOPT='/home/dowon/.opam/ocaml-variants.4.11.1+flambda/bin/ocamlopt.opt'
OCAMLVERSION='4.11.1'
OCAML_PKG_PATH_atdgen='/home/dowon/.opam/ocaml-variants.4.11.1+flambda/lib/atdgen'
OCAML_PKG_PATH_biniou='/home/dowon/.opam/ocaml-variants.4.11.1+flambda/lib/biniou'
OCAML_PKG_PATH_camlzip='/home/dowon/.opam/ocaml-variants.4.11.1+flambda/lib/camlzip'
OCAML_PKG_PATH_easy_format='/home/dowon/.opam/ocaml-variants.4.11.1+flambda/lib/easy-format'
OCAML_PKG_PATH_javalib='/home/dowon/.opam/ocaml-variants.4.11.1+flambda/lib/javalib'
OCAML_PKG_PATH_oUnit='/home/dowon/.opam/ocaml-variants.4.11.1+flambda/lib/oUnit'
OCAML_PKG_PATH_sawja='/home/dowon/.opam/ocaml-variants.4.11.1+flambda/lib/sawja'
OCAML_PKG_PATH_yojson='/home/dowon/.opam/ocaml-variants.4.11.1+flambda/lib/yojson'
OCAML_PKG_atdgen='atdgen'
OCAML_PKG_biniou='biniou'
OCAML_PKG_camlzip='camlzip'
OCAML_PKG_easy_format='easy-format'
OCAML_PKG_javalib='javalib'
OCAML_PKG_oUnit='oUnit'
OCAML_PKG_sawja='sawja'
OCAML_PKG_yojson='yojson'
OPAM='opam'
OPAMROOT='/home/dowon/.opam'
OPAMSWITCH='ocaml-variants.4.11.1+flambda'
OTOOL='no'
PACKAGE_BUGREPORT='https://github.com/facebook/infer/issues/'
PACKAGE_NAME='Infer'
PACKAGE_STRING='Infer 1.1.0'
PACKAGE_TARNAME='infer'
PACKAGE_URL=''
PACKAGE_VERSION='1.1.0'
PATCHELF='no'
PATH='/home/dowon/.opam/ocaml-variants.4.11.1+flambda/bin:/home/dowon/.jenv/shims:/home/dowon/.jenv/bin:/home/dowon/.jenv/shims:/home/dowon/.jenv/bin:/usr/local/sbin:/usr/local/bin:/usr/sbin:/usr/bin:/sbin:/bin:/usr/games:/usr/local/games:/snap/bin:/home/dowon/d4j/d4j-2.0/framework/bin:/home/dowon/d4j/d4j-2.0/framework/bin'
PATH_SEPARATOR=':'
SDKROOT=''
SED='sed'
SET_MAKE=''
SHASUM=''
SHELL='/bin/bash'
USER_JAVA_HOME='/usr/lib/jvm/java-8-openjdk-amd64/jre/..'
UTOP='utop'
WINDOWS_BUILD='no'
XCODE_BASE=''
XCODE_SELECT='no'
XCPRETTY='no'
XCRUN='no'
ac_ct_CC='gcc'
ac_ct_CXX=''
bindir='${exec_prefix}/bin'
build_alias=''
datadir='${datarootdir}'
datarootdir='${prefix}/share'
docdir='${datarootdir}/doc/${PACKAGE_TARNAME}'
dvidir='${docdir}'
exec_prefix='${prefix}'
host_alias=''
htmldir='${docdir}'
includedir='${prefix}/include'
infodir='${datarootdir}/info'
libdir='${exec_prefix}/lib'
libexecdir='${exec_prefix}/libexec'
localedir='${datarootdir}/locale'
localstatedir='${prefix}/var'
mandir='${datarootdir}/man'
oldincludedir='/usr/include'
pdfdir='${docdir}'
prefix='/usr/local'
program_transform_name='s,x,x,'
psdir='${docdir}'
runstatedir='${localstatedir}/run'
sbindir='${exec_prefix}/sbin'
sharedstatedir='${prefix}/com'
sysconfdir='${prefix}/etc'
target_alias=''

## ----------- ##
## confdefs.h. ##
## ----------- ##

/* confdefs.h */
#define PACKAGE_NAME "Infer"
#define PACKAGE_TARNAME "infer"
#define PACKAGE_VERSION "1.1.0"
#define PACKAGE_STRING "Infer 1.1.0"
#define PACKAGE_BUGREPORT "https://github.com/facebook/infer/issues/"
#define PACKAGE_URL ""

configure: exit 0
